<?xml version="1.0" encoding="UTF-8" ?>
<testsuites>
<testsuite name="odspy-SpyTestSuite.h" tests="1" failures="0" errors="0" time="0" timestamp="Fri Apr  1 18:02:30 2016" file="/home/viktor/OpenDaVINCI/odtools/odspy/testsuites/SpyTestSuite.h" >
    <testcase name="testSpySuccessfullyCreated" classname="SpyTest" line="83" >    </testcase>
</testsuite>
</testsuites>
