<?xml version="1.0" encoding="UTF-8" ?>
<testsuites>
<testsuite name="odsplit-SplitTestSuite.h" tests="2" failures="0" errors="0" time="0" timestamp="Fri Apr  1 18:02:30 2016" file="/home/viktor/OpenDaVINCI/odtools/odsplit/testsuites/SplitTestSuite.h" >
    <testcase name="testSplitSuccessfullySplit" classname="SplitTest" line="115" >
        <system-err ></system-err>
    </testcase>
    <testcase name="testSplitWrongRange" classname="SplitTest" line="193" >
        <system-err ></system-err>
    </testcase>
</testsuite>
</testsuites>
