<?xml version="1.0" encoding="UTF-8" ?>
<testsuites>
<testsuite name="libtest10-Test10TestSuite.h" tests="4" failures="0" errors="0" time="0" timestamp="Fri Apr  1 17:52:45 2016" file="/home/viktor/OpenDaVINCI/odDataStructureGenerator/org.opendavinci.datamodel/test/odvd/reference/Test10_withCMake/libtest10/testsuites/Test10TestSuite.h" >
    <testcase name="testCreateObject" classname="Test10_TestSuite" line="30" >    </testcase>
    <testcase name="testCreateAndCopyObject" classname="Test10_TestSuite" line="178" >    </testcase>
    <testcase name="testCreateAndAssignObject" classname="Test10_TestSuite" line="363" >    </testcase>
    <testcase name="testCreateAndSerializeObject" classname="Test10_TestSuite" line="552" >    </testcase>
</testsuite>
</testsuites>
