<?xml version="1.0" encoding="UTF-8" ?>
<testsuites>
<testsuite name="libtest10-Test10PointTestSuite.h" tests="4" failures="0" errors="0" time="0" timestamp="Fri Apr  1 17:52:45 2016" file="/home/viktor/OpenDaVINCI/odDataStructureGenerator/org.opendavinci.datamodel/test/odvd/reference/Test10_withCMake/libtest10/testsuites/Test10PointTestSuite.h" >
    <testcase name="testCreateObject" classname="Test10Point_TestSuite" line="28" >    </testcase>
    <testcase name="testCreateAndCopyObject" classname="Test10Point_TestSuite" line="41" >    </testcase>
    <testcase name="testCreateAndAssignObject" classname="Test10Point_TestSuite" line="67" >    </testcase>
    <testcase name="testCreateAndSerializeObject" classname="Test10Point_TestSuite" line="93" >    </testcase>
</testsuite>
</testsuites>
