<?xml version="1.0" encoding="UTF-8" ?>
<testsuites>
<testsuite name="libautomotivedata-automotive_VehicleDataTestSuite.h" tests="4" failures="0" errors="0" time="0" timestamp="Fri Apr  1 17:47:31 2016" file="/home/viktor/OpenDaVINCI/libautomotivedata/testsuites/automotive_VehicleDataTestSuite.h" >
    <testcase name="testCreateObject" classname="automotive_VehicleData_TestSuite" line="30" >    </testcase>
    <testcase name="testCreateAndCopyObject" classname="automotive_VehicleData_TestSuite" line="59" >    </testcase>
    <testcase name="testCreateAndAssignObject" classname="automotive_VehicleData_TestSuite" line="116" >    </testcase>
    <testcase name="testCreateAndSerializeObject" classname="automotive_VehicleData_TestSuite" line="173" >    </testcase>
</testsuite>
</testsuites>
