<?xml version="1.0" encoding="UTF-8" ?>
<testsuites>
<testsuite name="libautomotivedata-automotive_miniature_SensorBoardDataTestSuite.h" tests="4" failures="0" errors="0" time="0" timestamp="Fri Apr  1 17:47:31 2016" file="/home/viktor/OpenDaVINCI/libautomotivedata/testsuites/automotive_miniature_SensorBoardDataTestSuite.h" >
    <testcase name="testCreateObject" classname="automotive_miniature_SensorBoardData_TestSuite" line="28" >    </testcase>
    <testcase name="testCreateAndCopyObject" classname="automotive_miniature_SensorBoardData_TestSuite" line="112" >    </testcase>
    <testcase name="testCreateAndAssignObject" classname="automotive_miniature_SensorBoardData_TestSuite" line="218" >    </testcase>
    <testcase name="testCreateAndSerializeObject" classname="automotive_miniature_SensorBoardData_TestSuite" line="325" >    </testcase>
</testsuite>
</testsuites>
