<?xml version="1.0" encoding="UTF-8" ?>
<testsuites>
<testsuite name="libautomotivedata-automotive_carolocup_SensorsTestSuite.h" tests="4" failures="0" errors="0" time="0" timestamp="Fri Apr  1 17:47:31 2016" file="/home/viktor/OpenDaVINCI/libautomotivedata/testsuites/automotive_carolocup_SensorsTestSuite.h" >
    <testcase name="testCreateObject" classname="automotive_carolocup_Sensors_TestSuite" line="28" >    </testcase>
    <testcase name="testCreateAndCopyObject" classname="automotive_carolocup_Sensors_TestSuite" line="69" >    </testcase>
    <testcase name="testCreateAndAssignObject" classname="automotive_carolocup_Sensors_TestSuite" line="150" >    </testcase>
    <testcase name="testCreateAndSerializeObject" classname="automotive_carolocup_Sensors_TestSuite" line="231" >    </testcase>
</testsuite>
</testsuites>
