<?xml version="1.0" encoding="UTF-8" ?>
<testsuites>
<testsuite name="libautomotivedata-from_opendlv_proxy_reverefh16_AxlesTestSuite.h" tests="4" failures="0" errors="0" time="0" timestamp="Fri Apr  1 17:47:31 2016" file="/home/viktor/OpenDaVINCI/libautomotivedata/testsuites/from_opendlv_proxy_reverefh16_AxlesTestSuite.h" >
    <testcase name="testCreateObject" classname="from_opendlv_proxy_reverefh16_Axles_TestSuite" line="28" >    </testcase>
    <testcase name="testCreateAndCopyObject" classname="from_opendlv_proxy_reverefh16_Axles_TestSuite" line="45" >    </testcase>
    <testcase name="testCreateAndAssignObject" classname="from_opendlv_proxy_reverefh16_Axles_TestSuite" line="78" >    </testcase>
    <testcase name="testCreateAndSerializeObject" classname="from_opendlv_proxy_reverefh16_Axles_TestSuite" line="111" >    </testcase>
</testsuite>
</testsuites>
