<?xml version="1.0" encoding="UTF-8" ?>
<testsuites>
<testsuite name="libautomotivedata-cartesian_ConstantsTestSuite.h" tests="4" failures="0" errors="0" time="0" timestamp="Fri Apr  1 17:47:31 2016" file="/home/viktor/OpenDaVINCI/libautomotivedata/testsuites/cartesian_ConstantsTestSuite.h" >
    <testcase name="testCreateObject" classname="cartesian_Constants_TestSuite" line="28" >    </testcase>
    <testcase name="testCreateAndCopyObject" classname="cartesian_Constants_TestSuite" line="36" >    </testcase>
    <testcase name="testCreateAndAssignObject" classname="cartesian_Constants_TestSuite" line="51" >    </testcase>
    <testcase name="testCreateAndSerializeObject" classname="cartesian_Constants_TestSuite" line="66" >    </testcase>
</testsuite>
</testsuites>
