<?xml version="1.0" encoding="UTF-8" ?>
<testsuites>
<testsuite name="libautomotivedata-automotive_ForceControlTestSuite.h" tests="4" failures="0" errors="0" time="0" timestamp="Fri Apr  1 17:47:31 2016" file="/home/viktor/OpenDaVINCI/libautomotivedata/testsuites/automotive_ForceControlTestSuite.h" >
    <testcase name="testCreateObject" classname="automotive_ForceControl_TestSuite" line="28" >    </testcase>
    <testcase name="testCreateAndCopyObject" classname="automotive_ForceControl_TestSuite" line="54" >    </testcase>
    <testcase name="testCreateAndAssignObject" classname="automotive_ForceControl_TestSuite" line="105" >    </testcase>
    <testcase name="testCreateAndSerializeObject" classname="automotive_ForceControl_TestSuite" line="156" >    </testcase>
</testsuite>
</testsuites>
