<?xml version="1.0" encoding="UTF-8" ?>
<testsuites>
<testsuite name="odrecintegrity-RecIntegrityTestSuite.h" tests="1" failures="0" errors="0" time="0" timestamp="Fri Apr  1 18:01:42 2016" file="/home/viktor/OpenDaVINCI/odtools/odrecintegrity/testsuites/RecIntegrityTestSuite.h" >
    <testcase name="testRecIntegritySuccessfullyCreated" classname="RecIntegrityTest" line="59" >    </testcase>
</testsuite>
</testsuites>
