<?xml version="1.0" encoding="UTF-8" ?>
<testsuites>
<testsuite name="libopendavinci-ModuleStatisticsTestSuite.h" tests="1" failures="0" errors="0" time="0" timestamp="Fri Apr  1 17:46:20 2016" file="/home/viktor/OpenDaVINCI/libopendavinci/testsuites/ModuleStatisticsTestSuite.h" >
    <testcase name="testSerializeDeserialize" classname="ModuleStatisticsTest" line="42" >    </testcase>
</testsuite>
</testsuites>
