<?xml version="1.0" encoding="UTF-8" ?>
<testsuites>
<testsuite name="libopendavinci-AbstractCIDModuleTestSuite.h" tests="6" failures="0" errors="0" time="0" timestamp="Fri Apr  1 17:45:12 2016" file="/home/viktor/OpenDaVINCI/libopendavinci/testsuites/AbstractCIDModuleTestSuite.h" >
    <testcase name="testAbstractCIDModule" classname="AbstractCIDModuleTest" line="103" >    </testcase>
    <testcase name="testAbstractCIDModuleCID" classname="AbstractCIDModuleTest" line="129" >    </testcase>
    <testcase name="testAbstractCIDModuleWrongCID1" classname="AbstractCIDModuleTest" line="148" >    </testcase>
    <testcase name="testAbstractCIDModuleWrongCID2" classname="AbstractCIDModuleTest" line="174" >    </testcase>
    <testcase name="testKillAbstractCIDModule" classname="AbstractCIDModuleTest" line="199" >    </testcase>
    <testcase name="testExceptionAbstractCIDModule" classname="AbstractCIDModuleTest" line="245" >    </testcase>
</testsuite>
</testsuites>
