<?xml version="1.0" encoding="UTF-8" ?>
<testsuites>
<testsuite name="libopendavinci-TimeTriggeredConferenceClientModuleTestSuite.h" tests="1" failures="0" errors="0" time="0" timestamp="Fri Apr  1 17:45:02 2016" file="/home/viktor/OpenDaVINCI/libopendavinci/testsuites/TimeTriggeredConferenceClientModuleTestSuite.h" >
    <testcase name="testTimeTriggeredTimeTriggeredConferenceClientModule" classname="TimeTriggeredConferenceClientModuleTest" line="156" >    </testcase>
</testsuite>
</testsuites>
