<?xml version="1.0" encoding="UTF-8" ?>
<testsuites>
<testsuite name="libopendavinci-RuntimeControlContainerTest1TestSuite.h" tests="1" failures="0" errors="0" time="0" timestamp="Fri Apr  1 17:45:53 2016" file="/home/viktor/OpenDaVINCI/libopendavinci/testsuites/RuntimeControlContainerTest1TestSuite.h" >
    <testcase name="testRuntimeControlContainerRegularRunReceivingNotSending" classname="RuntimeControlContainerTest" line="419" >    </testcase>
</testsuite>
</testsuites>
