<?xml version="1.0" encoding="UTF-8" ?>
<testsuites>
<testsuite name="libopendavinci-ConnectionTestSuite.h" tests="3" failures="0" errors="0" time="0" timestamp="Fri Apr  1 17:45:10 2016" file="/home/viktor/OpenDaVINCI/libopendavinci/testsuites/ConnectionTestSuite.h" >
    <testcase name="testAcceptAndConnect" classname="ConnectionTestsuite" line="48" >    </testcase>
    <testcase name="testErrorHandler" classname="ConnectionTestsuite" line="97" >    </testcase>
    <testcase name="testTransfer" classname="ConnectionTestsuite" line="128" >    </testcase>
</testsuite>
</testsuites>
