<?xml version="1.0" encoding="UTF-8" ?>
<testsuites>
<testsuite name="libopendavinci-RunnerTestSuite.h" tests="1" failures="0" errors="0" time="0" timestamp="Fri Apr  1 17:45:49 2016" file="/home/viktor/OpenDaVINCI/libopendavinci/testsuites/RunnerTestSuite.h" >
    <testcase name="testFrequencies" classname="RunnerTest" line="47" >    </testcase>
</testsuite>
</testsuites>
