<?xml version="1.0" encoding="UTF-8" ?>
<testsuites>
<testsuite name="libopendavinci-FalseSerializationTestSuite.h" tests="2" failures="0" errors="0" time="0" timestamp="Fri Apr  1 17:46:26 2016" file="/home/viktor/OpenDaVINCI/libopendavinci/testsuites/FalseSerializationTestSuite.h" >
    <testcase name="testSerializationDeserialization" classname="FalseSerializationTest" line="109" >    </testcase>
    <testcase name="testTimeStamp35" classname="FalseSerializationTest" line="128" >    </testcase>
</testsuite>
</testsuites>
