<?xml version="1.0" encoding="UTF-8" ?>
<testsuites>
<testsuite name="libopendavinci-ZipTestSuite.h" tests="1" failures="0" errors="0" time="0" timestamp="Fri Apr  1 17:44:46 2016" file="/home/viktor/OpenDaVINCI/libopendavinci/testsuites/ZipTestSuite.h" >
    <testcase name="testDecompression" classname="ZipTest" line="39" >    </testcase>
</testsuite>
</testsuites>
