<?xml version="1.0" encoding="UTF-8" ?>
<testsuites>
<testsuite name="libopendavinci-ControlFlowTestSuite.h" tests="1" failures="0" errors="0" time="0" timestamp="Fri Apr  1 17:45:23 2016" file="/home/viktor/OpenDaVINCI/libopendavinci/testsuites/ControlFlowTestSuite.h" >
    <testcase name="testControlledContainerFactoryTestSuite" classname="ControlFlowTest" line="300" >    </testcase>
</testsuite>
</testsuites>
