<?xml version="1.0" encoding="UTF-8" ?>
<testsuites>
<testsuite name="libopendavinci-SerializationTestSuite.h" tests="2" failures="0" errors="0" time="0" timestamp="Fri Apr  1 17:46:20 2016" file="/home/viktor/OpenDaVINCI/libopendavinci/testsuites/SerializationTestSuite.h" >
    <testcase name="testSerializationDeserialization" classname="SerializationTest" line="128" >    </testcase>
    <testcase name="testArraySerialisation" classname="SerializationTest" line="151" >
        <warning line="true" ></warning>

        <warning line="true" ></warning>

        <warning line="false" ></warning>

        <warning line="false" ></warning>

        <warning line="false" ></warning>

        <warning line="false" ></warning>

        <warning line="false" ></warning>

        <warning line="false" ></warning>

        <warning line="false" ></warning>

        <warning line="false" ></warning>

        <system-out ></system-out>
    </testcase>
</testsuite>
</testsuites>
