<?xml version="1.0" encoding="UTF-8" ?>
<testsuites>
<testsuite name="libopendavinci-TimeStampTestSuite.h" tests="5" failures="0" errors="0" time="0" timestamp="Fri Apr  1 17:44:58 2016" file="/home/viktor/OpenDaVINCI/libopendavinci/testsuites/TimeStampTestSuite.h" >
    <testcase name="testAdd1" classname="TimeStampTest" line="32" >    </testcase>
    <testcase name="testAdd2" classname="TimeStampTest" line="41" >    </testcase>
    <testcase name="testSub1" classname="TimeStampTest" line="50" >    </testcase>
    <testcase name="testSub2" classname="TimeStampTest" line="59" >    </testcase>
    <testcase name="testTimeStamp28042009" classname="TimeStampTest" line="68" >    </testcase>
</testsuite>
</testsuites>
