<?xml version="1.0" encoding="UTF-8" ?>
<testsuites>
<testsuite name="libopendavinci-NetstringsProtocolTestSuite.h" tests="4" failures="0" errors="0" time="0" timestamp="Fri Apr  1 17:45:53 2016" file="/home/viktor/OpenDaVINCI/libopendavinci/testsuites/NetstringsProtocolTestSuite.h" >
    <testcase name="testNetstringsProtocolSend" classname="NetstringsProtocolTest" line="52" >    </testcase>
    <testcase name="testNetstringsProtocolReceive" classname="NetstringsProtocolTest" line="70" >    </testcase>
    <testcase name="testNetstringsProtocolPartialReceive1" classname="NetstringsProtocolTest" line="89" >    </testcase>
    <testcase name="testNetstringsProtocolPartialReceive2" classname="NetstringsProtocolTest" line="107" >    </testcase>
</testsuite>
</testsuites>
