<?xml version="1.0" encoding="UTF-8" ?>
<testsuites>
<testsuite name="libopendavinci-ContainerTestSuite.h" tests="5" failures="0" errors="0" time="0" timestamp="Fri Apr  1 17:45:45 2016" file="/home/viktor/OpenDaVINCI/libopendavinci/testsuites/ContainerTestSuite.h" >
    <testcase name="testTimeStampData" classname="ContainerTest" line="37" >    </testcase>
    <testcase name="testContainerData" classname="ContainerTest" line="50" >    </testcase>
    <testcase name="testContainerDataUserType" classname="ContainerTest" line="66" >    </testcase>
    <testcase name="testSimpleContainerConstructor" classname="ContainerTest" line="86" >    </testcase>
    <testcase name="testInt32ContainerConstructor" classname="ContainerTest" line="104" >    </testcase>
</testsuite>
</testsuites>
