<?xml version="1.0" encoding="UTF-8" ?>
<testsuites>
<testsuite name="libopendavinci-RuntimeControlRegularRunTestSuite.h" tests="1" failures="0" errors="0" time="0" timestamp="Fri Apr  1 17:44:58 2016" file="/home/viktor/OpenDaVINCI/libopendavinci/testsuites/RuntimeControlRegularRunTestSuite.h" >
    <testcase name="testRuntimeControlRegularRun" classname="RuntimeControlTest" line="113" >    </testcase>
</testsuite>
</testsuites>
