<?xml version="1.0" encoding="UTF-8" ?>
<testsuites>
<testsuite name="libopendavinci-KeyValueConfigurationTestSuite.h" tests="6" failures="0" errors="0" time="0" timestamp="Fri Apr  1 17:45:27 2016" file="/home/viktor/OpenDaVINCI/libopendavinci/testsuites/KeyValueConfigurationTestSuite.h" >
    <testcase name="testReadSimpleData" classname="ConfigurationTest" line="38" >    </testcase>
    <testcase name="testReadSimpleDataCopyConstructor" classname="ConfigurationTest" line="73" >    </testcase>
    <testcase name="testReadSimpleDataAssignmentOperator" classname="ConfigurationTest" line="110" >    </testcase>
    <testcase name="testReadCommentedData" classname="ConfigurationTest" line="148" >    </testcase>
    <testcase name="testReadCommentedDataCaseInsensitive" classname="ConfigurationTest" line="188" >    </testcase>
    <testcase name="testReadCommentedDataSubset" classname="ConfigurationTest" line="220" >    </testcase>
</testsuite>
</testsuites>
