<?xml version="1.0" encoding="UTF-8" ?>
<testsuites>
<testsuite name="libopendavinci-RuntimeControlContainerMultipleAppsTest3TestSuite.h" tests="1" failures="0" errors="0" time="0" timestamp="Fri Apr  1 17:45:51 2016" file="/home/viktor/OpenDaVINCI/libopendavinci/testsuites/RuntimeControlContainerMultipleAppsTest3TestSuite.h" >
    <testcase name="testRuntimeControlContainerRegularRunReceivingSendingTwoAppsA1twiceAsFastAsA2OneSP" classname="RuntimeControlContainerMultipleAppsTest" line="502" >    </testcase>
</testsuite>
</testsuites>
