<?xml version="1.0" encoding="UTF-8" ?>
<testsuites>
<testsuite name="libopendavinci-DMCPDiscovererTestSuite.h" tests="1" failures="0" errors="0" time="0" timestamp="Fri Apr  1 17:44:59 2016" file="/home/viktor/OpenDaVINCI/libopendavinci/testsuites/DMCPDiscovererTestSuite.h" >
    <testcase name="testClientAndServer" classname="DMCPDiscovererTestsuite" line="76" >
        <warning line="&quot;IP: 129.16.230.67 Port: 12345 ManagedLevel: ServerInformation::ML_NONE (0) &quot;" ></warning>

        <system-out ></system-out>
    </testcase>
</testsuite>
</testsuites>
