<?xml version="1.0" encoding="UTF-8" ?>
<testsuites>
<testsuite name="libopendavinci-RuntimeControlContainerMultipleAppsTest1TestSuite.h" tests="1" failures="0" errors="0" time="0" timestamp="Fri Apr  1 17:45:30 2016" file="/home/viktor/OpenDaVINCI/libopendavinci/testsuites/RuntimeControlContainerMultipleAppsTest1TestSuite.h" >
    <testcase name="testRuntimeControlContainerRegularRunReceivingSendingTwoAppsSameFreqOneSP" classname="RuntimeControlContainerMultipleAppsTest" line="501" >    </testcase>
</testsuite>
</testsuites>
