<?xml version="1.0" encoding="UTF-8" ?>
<testsuites>
<testsuite name="libopendavinci-RuntimeControlCorruptConfigurationTestSuite.h" tests="1" failures="0" errors="0" time="0" timestamp="Fri Apr  1 17:46:10 2016" file="/home/viktor/OpenDaVINCI/libopendavinci/testsuites/RuntimeControlCorruptConfigurationTestSuite.h" >
    <testcase name="testRuntimeControlCorruptConfigurationRun" classname="RuntimeControlTest" line="114" >    </testcase>
</testsuite>
</testsuites>
