<?xml version="1.0" encoding="UTF-8" ?>
<testsuites>
<testsuite name="libopendavinci-ZlibTestSuite.h" tests="1" failures="0" errors="0" time="0" timestamp="Fri Apr  1 17:45:25 2016" file="/home/viktor/OpenDaVINCI/libopendavinci/testsuites/ZlibTestSuite.h" >
    <testcase name="testCompressionDecompression" classname="ZlibTest" line="35" >    </testcase>
</testsuite>
</testsuites>
