<?xml version="1.0" encoding="UTF-8" ?>
<testsuites>
<testsuite name="libopendavinci-DMCPConnectionTestSuite.h" tests="1" failures="0" errors="0" time="0" timestamp="Fri Apr  1 17:46:28 2016" file="/home/viktor/OpenDaVINCI/libopendavinci/testsuites/DMCPConnectionTestSuite.h" >
    <testcase name="testClientAndServer" classname="DMCPConnectionTestsuite" line="62" >    </testcase>
</testsuite>
</testsuites>
