<?xml version="1.0" encoding="UTF-8" ?>
<testsuites>
<testsuite name="libopendavinci-UDPTestSuite.h" tests="1" failures="0" errors="0" time="0" timestamp="Fri Apr  1 17:44:50 2016" file="/home/viktor/OpenDaVINCI/libopendavinci/testsuites/UDPTestSuite.h" >
    <testcase name="testDataExchange" classname="UDPTestsuite" line="116" >    </testcase>
</testsuite>
</testsuites>
