<?xml version="1.0" encoding="UTF-8" ?>
<testsuites>
<testsuite name="libopendavinci-SharedPointerTestSuite.h" tests="9" failures="0" errors="0" time="0" timestamp="Fri Apr  1 17:45:12 2016" file="/home/viktor/OpenDaVINCI/libopendavinci/testsuites/SharedPointerTestSuite.h" >
    <testcase name="testCreate_shared_ptr" classname="SharedPointerTest" line="63" >    </testcase>
    <testcase name="testCreateDestroy_shared_ptr" classname="SharedPointerTest" line="76" >    </testcase>
    <testcase name="testCreateDestroy_shared_ptr_UsingCopyConstructor" classname="SharedPointerTest" line="95" >    </testcase>
    <testcase name="testCreateDestroy_shared_ptr_UsingAssignmentOperator" classname="SharedPointerTest" line="117" >    </testcase>
    <testcase name="testCreateAndKeep_shared_ptr_UsingCopyConstructor" classname="SharedPointerTest" line="139" >    </testcase>
    <testcase name="testCreateAndKeep_shared_ptr_UsingAssignmentOperator" classname="SharedPointerTest" line="164" >    </testcase>
    <testcase name="test_shared_ptr_InsideSTL" classname="SharedPointerTest" line="190" >    </testcase>
    <testcase name="test_shared_ptr_InsideSTLAndCopy" classname="SharedPointerTest" line="223" >    </testcase>
    <testcase name="testCreate_shared_ptr_FromDerivedClass" classname="SharedPointerTest" line="278" >    </testcase>
</testsuite>
</testsuites>
