<?xml version="1.0" encoding="UTF-8" ?>
<testsuites>
<testsuite name="libopendavinci-ConditionTestSuite.h" tests="4" failures="0" errors="0" time="0" timestamp="Fri Apr  1 17:45:32 2016" file="/home/viktor/OpenDaVINCI/libopendavinci/testsuites/ConditionTestSuite.h" >
    <testcase name="testLocking" classname="ConditionTest" line="108" >    </testcase>
    <testcase name="testWakeOne" classname="ConditionTest" line="121" >    </testcase>
    <testcase name="testWakeAll" classname="ConditionTest" line="157" >    </testcase>
    <testcase name="testTimeCondition" classname="ConditionTest" line="197" >    </testcase>
</testsuite>
</testsuites>
