<?xml version="1.0" encoding="UTF-8" ?>
<testsuites>
<testsuite name="libopendavinci-RuntimeControlContainerMultipleAppsTest2TestSuite.h" tests="1" failures="0" errors="0" time="0" timestamp="Fri Apr  1 17:46:24 2016" file="/home/viktor/OpenDaVINCI/libopendavinci/testsuites/RuntimeControlContainerMultipleAppsTest2TestSuite.h" >
    <testcase name="testRuntimeControlContainerRegularRunReceivingSendingTwoAppsOneReceivingDataFromOtherAppSameFreqOneSP" classname="RuntimeControlContainerMultipleAppsTest" line="502" >    </testcase>
</testsuite>
</testsuites>
