<?xml version="1.0" encoding="UTF-8" ?>
<testsuites>
<testsuite name="libopendavinci-RuntimeControlContainerTest2TestSuite.h" tests="1" failures="0" errors="0" time="0" timestamp="Fri Apr  1 17:45:12 2016" file="/home/viktor/OpenDaVINCI/libopendavinci/testsuites/RuntimeControlContainerTest2TestSuite.h" >
    <testcase name="testRuntimeControlContainerRegularRunReceivingSending" classname="RuntimeControlContainerTest" line="420" >    </testcase>
</testsuite>
</testsuites>
