<?xml version="1.0" encoding="UTF-8" ?>
<testsuites>
<testsuite name="libopendavinci-SharedMemoryTestSuite.h" tests="5" failures="0" errors="0" time="0" timestamp="Fri Apr  1 17:46:20 2016" file="/home/viktor/OpenDaVINCI/libopendavinci/testsuites/SharedMemoryTestSuite.h" >
    <testcase name="testSharedData1" classname="SharedMemoryTest" line="40" >    </testcase>
    <testcase name="testSharedData2" classname="SharedMemoryTest" line="52" >    </testcase>
    <testcase name="testSharedData3" classname="SharedMemoryTest" line="64" >    </testcase>
    <testcase name="testSharedMemory" classname="SharedMemoryTest" line="78" >    </testcase>
    <testcase name="testSharedMemoryWithScopedLock" classname="SharedMemoryTest" line="103" >    </testcase>
</testsuite>
</testsuites>
