<?xml version="1.0" encoding="UTF-8" ?>
<testsuites>
<testsuite name="libopendavinci-TCPAcceptorTestSuite.h" tests="3" failures="0" errors="0" time="0" timestamp="Fri Apr  1 17:45:49 2016" file="/home/viktor/OpenDaVINCI/libopendavinci/testsuites/TCPAcceptorTestSuite.h" >
    <testcase name="testAccept" classname="TCPAcceptorTestsuite" line="130" >    </testcase>
    <testcase name="testMultipleAccept" classname="TCPAcceptorTestsuite" line="149" >    </testcase>
    <testcase name="testNoAccept" classname="TCPAcceptorTestsuite" line="168" >    </testcase>
</testsuite>
</testsuites>
