<?xml version="1.0" encoding="UTF-8" ?>
<testsuites>
<testsuite name="libopendavinci-odcore_data_ConfigurationTestSuite.h" tests="4" failures="0" errors="0" time="0" timestamp="Fri Apr  1 17:46:28 2016" file="/home/viktor/OpenDaVINCI/build/libopendavinci-prefix/src/libopendavinci-build/coredata/testsuites/odcore_data_ConfigurationTestSuite.h" >
    <testcase name="testCreateObject" classname="odcore_data_Configuration_TestSuite" line="29" >    </testcase>
    <testcase name="testCreateAndCopyObject" classname="odcore_data_Configuration_TestSuite" line="37" >    </testcase>
    <testcase name="testCreateAndAssignObject" classname="odcore_data_Configuration_TestSuite" line="52" >    </testcase>
    <testcase name="testCreateAndSerializeObject" classname="odcore_data_Configuration_TestSuite" line="67" >    </testcase>
</testsuite>
</testsuites>
