<?xml version="1.0" encoding="UTF-8" ?>
<testsuites>
<testsuite name="odplayer-PlayerDoubleRealtimeTestSuite.h" tests="1" failures="0" errors="0" time="0" timestamp="Fri Apr  1 18:00:56 2016" file="/home/viktor/OpenDaVINCI/odtools/odplayer/testsuites/PlayerDoubleRealtimeTestSuite.h" >
    <testcase name="testDoubleRealtimeReplayNoRewind" classname="PlayerModuleTest" line="123" >
        <system-err ></system-err>
    </testcase>
</testsuite>
</testsuites>
