<?xml version="1.0" encoding="UTF-8" ?>
<testsuites>
<testsuite name="proxy-ProxyTestSuite.h" tests="1" failures="0" errors="0" time="0" timestamp="Fri Apr  1 17:49:55 2016" file="/home/viktor/OpenDaVINCI/automotive/miniature/proxy/testsuites/ProxyTestSuite.h" >
    <testcase name="testProxySuccessfullyCreated" classname="ProxyTest" line="83" >    </testcase>
</testsuite>
</testsuites>
