<?xml version="1.0" encoding="UTF-8" ?>
<testsuites>
<testsuite name="odsupercomponent-SupercomponentClientModuleTest8TestSuite.h" tests="1" failures="0" errors="0" time="0" timestamp="Fri Apr  1 18:00:27 2016" file="/home/viktor/OpenDaVINCI/odsupercomponent/testsuites/SupercomponentClientModuleTest8TestSuite.h" >
    <testcase name="testConfigurationForModuleWithIDEmptyConfiguration" classname="SupercomponentClientModuleTest" line="147" >    </testcase>
</testsuite>
</testsuites>
