<?xml version="1.0" encoding="UTF-8" ?>
<testsuites>
<testsuite name="odsupercomponent-LoggingLevelInfoTestSuite.h" tests="1" failures="0" errors="0" time="0" timestamp="Fri Apr  1 18:00:08 2016" file="/home/viktor/OpenDaVINCI/odsupercomponent/testsuites/LoggingLevelInfoTestSuite.h" >
    <testcase name="testLogLevelInfo" classname="LoggerTest" line="151" >
        <system-out ></system-out>
    </testcase>
</testsuite>
</testsuites>
