<?xml version="1.0" encoding="UTF-8" ?>
<testsuites>
<testsuite name="odsupercomponent-LoggingLevelWarnTestSuite.h" tests="1" failures="0" errors="0" time="0" timestamp="Fri Apr  1 17:56:20 2016" file="/home/viktor/OpenDaVINCI/odsupercomponent/testsuites/LoggingLevelWarnTestSuite.h" >
    <testcase name="testLogLevelWarn" classname="LoggerTest" line="151" >
        <system-out ></system-out>
    </testcase>
</testsuite>
</testsuites>
