<?xml version="1.0" encoding="UTF-8" ?>
<testsuites>
<testsuite name="odsupercomponent-ManagedLevelTest3TestSuite.h" tests="1" failures="0" errors="0" time="0" timestamp="Fri Apr  1 17:55:36 2016" file="/home/viktor/OpenDaVINCI/odsupercomponent/testsuites/ManagedLevelTest3TestSuite.h" >
    <testcase name="testManagedLevelPulseShift_SenderReceiver_random_sleep_to_require_pulse_time_ack" classname="ManagedLevelTest" line="318" >
        <system-out ></system-out>

        <system-err ></system-err>
    </testcase>
</testsuite>
</testsuites>
