<?xml version="1.0" encoding="UTF-8" ?>
<testsuites>
<testsuite name="odsupercomponent-SupercomponentClientModuleTest4TestSuite.h" tests="1" failures="0" errors="0" time="0" timestamp="Fri Apr  1 18:00:09 2016" file="/home/viktor/OpenDaVINCI/odsupercomponent/testsuites/SupercomponentClientModuleTest4TestSuite.h" >
    <testcase name="testServerNotExistingSpecificConfigurationFile" classname="SupercomponentClientModuleTest" line="147" >    </testcase>
</testsuite>
</testsuites>
