<?xml version="1.0" encoding="UTF-8" ?>
<testsuites>
<testsuite name="odsupercomponent-SupercomponentClientModuleTest5TestSuite.h" tests="1" failures="0" errors="0" time="0" timestamp="Fri Apr  1 17:59:47 2016" file="/home/viktor/OpenDaVINCI/odsupercomponent/testsuites/SupercomponentClientModuleTest5TestSuite.h" >
    <testcase name="testServerInformation" classname="SupercomponentClientModuleTest" line="147" >
        <system-err ></system-err>
    </testcase>
</testsuite>
</testsuites>
