<?xml version="1.0" encoding="UTF-8" ?>
<testsuites>
<testsuite name="odredirector-RedirectorSTDINTestSuite.h" tests="1" failures="0" errors="0" time="0" timestamp="Fri Apr  1 18:02:18 2016" file="/home/viktor/OpenDaVINCI/odtools/odredirector/testsuites/RedirectorSTDINTestSuite.h" >
    <testcase name="testRedirectorPumpFromStdin" classname="RedirectorTest" line="106" >    </testcase>
</testsuite>
</testsuites>
