<?xml version="1.0" encoding="UTF-8" ?>
<testsuites>
<testsuite name="libtest9-subpackage_Test9CTestSuite.h" tests="4" failures="0" errors="0" time="0" timestamp="Fri Apr  1 17:52:45 2016" file="/home/viktor/OpenDaVINCI/odDataStructureGenerator/org.opendavinci.datamodel/test/odvd/reference/Test9_withCMake/libtest9/testsuites/subpackage_Test9CTestSuite.h" >
    <testcase name="testCreateObject" classname="subpackage_Test9C_TestSuite" line="28" >    </testcase>
    <testcase name="testCreateAndCopyObject" classname="subpackage_Test9C_TestSuite" line="39" >    </testcase>
    <testcase name="testCreateAndAssignObject" classname="subpackage_Test9C_TestSuite" line="60" >    </testcase>
    <testcase name="testCreateAndSerializeObject" classname="subpackage_Test9C_TestSuite" line="81" >    </testcase>
</testsuite>
</testsuites>
