<?xml version="1.0" encoding="UTF-8" ?>
<testsuites>
<testsuite name="libtest20-sub_structure_Test20bTestSuite.h" tests="4" failures="0" errors="0" time="0" timestamp="Fri Apr  1 17:52:45 2016" file="/home/viktor/OpenDaVINCI/odDataStructureGenerator/org.opendavinci.datamodel/test/odvd/reference/Test20_withCMake/libtest20/testsuites/sub_structure_Test20bTestSuite.h" >
    <testcase name="testCreateObject" classname="sub_structure_Test20b_TestSuite" line="28" >    </testcase>
    <testcase name="testCreateAndCopyObject" classname="sub_structure_Test20b_TestSuite" line="39" >    </testcase>
    <testcase name="testCreateAndAssignObject" classname="sub_structure_Test20b_TestSuite" line="60" >    </testcase>
    <testcase name="testCreateAndSerializeObject" classname="sub_structure_Test20b_TestSuite" line="81" >    </testcase>
</testsuite>
</testsuites>
