<?xml version="1.0" encoding="UTF-8" ?>
<testsuites>
<testsuite name="libtest20-sub_structure2_Test20cTestSuite.h" tests="4" failures="0" errors="0" time="0" timestamp="Fri Apr  1 17:52:45 2016" file="/home/viktor/OpenDaVINCI/odDataStructureGenerator/org.opendavinci.datamodel/test/odvd/reference/Test20_withCMake/libtest20/testsuites/sub_structure2_Test20cTestSuite.h" >
    <testcase name="testCreateObject" classname="sub_structure2_Test20c_TestSuite" line="29" >    </testcase>
    <testcase name="testCreateAndCopyObject" classname="sub_structure2_Test20c_TestSuite" line="40" >    </testcase>
    <testcase name="testCreateAndAssignObject" classname="sub_structure2_Test20c_TestSuite" line="61" >    </testcase>
    <testcase name="testCreateAndSerializeObject" classname="sub_structure2_Test20c_TestSuite" line="82" >    </testcase>
</testsuite>
</testsuites>
