<?xml version="1.0" encoding="UTF-8" ?>
<testsuites>
<testsuite name="libtest12-Test12ListsTestSuite.h" tests="4" failures="0" errors="0" time="0" timestamp="Fri Apr  1 17:52:45 2016" file="/home/viktor/OpenDaVINCI/odDataStructureGenerator/org.opendavinci.datamodel/test/odvd/reference/Test12_withCMake/libtest12/testsuites/Test12ListsTestSuite.h" >
    <testcase name="testCreateObject" classname="Test12Lists_TestSuite" line="28" >    </testcase>
    <testcase name="testCreateAndCopyObject" classname="Test12Lists_TestSuite" line="455" >    </testcase>
    <testcase name="testCreateAndAssignObject" classname="Test12Lists_TestSuite" line="958" >    </testcase>
    <testcase name="testCreateAndSerializeObject" classname="Test12Lists_TestSuite" line="1468" >    </testcase>
</testsuite>
</testsuites>
