<?xml version="1.0" encoding="UTF-8" ?>
<testsuites>
<testsuite name="libtest12-Test12MapBoolTestSuite.h" tests="4" failures="0" errors="0" time="0" timestamp="Fri Apr  1 17:52:45 2016" file="/home/viktor/OpenDaVINCI/odDataStructureGenerator/org.opendavinci.datamodel/test/odvd/reference/Test12_withCMake/libtest12/testsuites/Test12MapBoolTestSuite.h" >
    <testcase name="testCreateObject" classname="Test12MapBool_TestSuite" line="28" >    </testcase>
    <testcase name="testCreateAndCopyObject" classname="Test12MapBool_TestSuite" line="413" >    </testcase>
    <testcase name="testCreateAndAssignObject" classname="Test12MapBool_TestSuite" line="875" >    </testcase>
    <testcase name="testCreateAndSerializeObject" classname="Test12MapBool_TestSuite" line="1344" >    </testcase>
</testsuite>
</testsuites>
