<?xml version="1.0" encoding="UTF-8" ?>
<testsuites>
<testsuite name="libtest16-sub_structure_Test16SimpleTestSuite.h" tests="4" failures="0" errors="0" time="0" timestamp="Fri Apr  1 17:52:45 2016" file="/home/viktor/OpenDaVINCI/odDataStructureGenerator/org.opendavinci.datamodel/test/odvd/reference/Test16_withCMake/libtest16/testsuites/sub_structure_Test16SimpleTestSuite.h" >
    <testcase name="testCreateObject" classname="sub_structure_Test16Simple_TestSuite" line="28" >    </testcase>
    <testcase name="testCreateAndCopyObject" classname="sub_structure_Test16Simple_TestSuite" line="42" >    </testcase>
    <testcase name="testCreateAndAssignObject" classname="sub_structure_Test16Simple_TestSuite" line="69" >    </testcase>
    <testcase name="testCreateAndSerializeObject" classname="sub_structure_Test16Simple_TestSuite" line="96" >    </testcase>
</testsuite>
</testsuites>
