<?xml version="1.0" encoding="UTF-8" ?>
<testsuites>
<testsuite name="odfilter-FilterTestSuite.h" tests="1" failures="0" errors="0" time="0" timestamp="Fri Apr  1 18:00:51 2016" file="/home/viktor/OpenDaVINCI/odtools/odfilter/testsuites/FilterTestSuite.h" >
    <testcase name="testFilter" classname="FilterTest" line="40" >    </testcase>
</testsuite>
</testsuites>
