<?xml version="1.0" encoding="UTF-8" ?>
<testsuites>
<testsuite name="libtest8-testpackage_subpackage_Test8CTestSuite.h" tests="4" failures="0" errors="0" time="0" timestamp="Fri Apr  1 17:52:45 2016" file="/home/viktor/OpenDaVINCI/odDataStructureGenerator/org.opendavinci.datamodel/test/odvd/reference/Test8_withCMake/libtest8/testsuites/testpackage_subpackage_Test8CTestSuite.h" >
    <testcase name="testCreateObject" classname="testpackage_subpackage_Test8C_TestSuite" line="28" >    </testcase>
    <testcase name="testCreateAndCopyObject" classname="testpackage_subpackage_Test8C_TestSuite" line="39" >    </testcase>
    <testcase name="testCreateAndAssignObject" classname="testpackage_subpackage_Test8C_TestSuite" line="60" >    </testcase>
    <testcase name="testCreateAndSerializeObject" classname="testpackage_subpackage_Test8C_TestSuite" line="81" >    </testcase>
</testsuite>
</testsuites>
