<?xml version="1.0" encoding="UTF-8" ?>
<testsuites>
<testsuite name="libtest4-Test4TestSuite.h" tests="4" failures="0" errors="0" time="0" timestamp="Fri Apr  1 17:52:45 2016" file="/home/viktor/OpenDaVINCI/odDataStructureGenerator/org.opendavinci.datamodel/test/odvd/reference/Test4_withCMake/libtest4/testsuites/Test4TestSuite.h" >
    <testcase name="testCreateObject" classname="Test4_TestSuite" line="28" >    </testcase>
    <testcase name="testCreateAndCopyObject" classname="Test4_TestSuite" line="56" >    </testcase>
    <testcase name="testCreateAndAssignObject" classname="Test4_TestSuite" line="112" >    </testcase>
    <testcase name="testCreateAndSerializeObject" classname="Test4_TestSuite" line="168" >    </testcase>
</testsuite>
</testsuites>
