<?xml version="1.0" encoding="UTF-8" ?>
<testsuites>
<testsuite name="libtest5-testpackage_Test5TestSuite.h" tests="4" failures="0" errors="0" time="0" timestamp="Fri Apr  1 17:52:45 2016" file="/home/viktor/OpenDaVINCI/odDataStructureGenerator/org.opendavinci.datamodel/test/odvd/reference/Test5_withCMake/libtest5/testsuites/testpackage_Test5TestSuite.h" >
    <testcase name="testCreateObject" classname="testpackage_Test5_TestSuite" line="28" >    </testcase>
    <testcase name="testCreateAndCopyObject" classname="testpackage_Test5_TestSuite" line="57" >    </testcase>
    <testcase name="testCreateAndAssignObject" classname="testpackage_Test5_TestSuite" line="114" >    </testcase>
    <testcase name="testCreateAndSerializeObject" classname="testpackage_Test5_TestSuite" line="171" >    </testcase>
</testsuite>
</testsuites>
