<?xml version="1.0" encoding="UTF-8" ?>
<testsuites>
<testsuite name="libopendlv-SceneGraphTestSuite.h" tests="6" failures="0" errors="0" time="0" timestamp="Fri Apr  1 17:49:11 2016" file="/home/viktor/OpenDaVINCI/libopendlv/testsuites/SceneGraphTestSuite.h" >
    <testcase name="testSceneGraph1" classname="SceneGraphTest" line="51" >    </testcase>
    <testcase name="testSceneGraph2" classname="SceneGraphTest" line="57" >    </testcase>
    <testcase name="testSceneGraph3" classname="SceneGraphTest" line="66" >    </testcase>
    <testcase name="testSceneGraph4" classname="SceneGraphTest" line="82" >    </testcase>
    <testcase name="testSceneGraph5" classname="SceneGraphTest" line="103" >    </testcase>
    <testcase name="testSceneGraph6" classname="SceneGraphTest" line="134" >    </testcase>
</testsuite>
</testsuites>
