<?xml version="1.0" encoding="UTF-8" ?>
<testsuites>
<testsuite name="libopendlv-ContouredObjectTestSuite.h" tests="1" failures="0" errors="0" time="0" timestamp="Fri Apr  1 17:49:09 2016" file="/home/viktor/OpenDaVINCI/libopendlv/testsuites/ContouredObjectTestSuite.h" >
    <testcase name="testPointShapedObject" classname="ContouredObjectTest" line="38" >    </testcase>
</testsuite>
</testsuites>
