<?xml version="1.0" encoding="UTF-8" ?>
<testsuites>
<testsuite name="libopendlv-PointShapedObjectTestSuite.h" tests="1" failures="0" errors="0" time="0" timestamp="Fri Apr  1 17:49:11 2016" file="/home/viktor/OpenDaVINCI/libopendlv/testsuites/PointShapedObjectTestSuite.h" >
    <testcase name="testPointShapedObject" classname="PointShapedObjectTest" line="37" >    </testcase>
</testsuite>
</testsuites>
